Diagnose log at 2023-11-30T13:18:45Z

AppPath: /usr/bin/git-credential-manager
InstallDir: /usr/share/git-credential-manager-core/
Version: 2.1.2

------------
Diagnostic: Environment
Skipped: False
Success: True
Exception: None
Log:
OSType: Linux
OSVersion: Linux DreamingDesk 6.5.13-x64v2-xanmod1-1 #1 SMP PREEMPT_DYNAMIC Wed, 29 Nov 2023 06:43:36 +0000 x86_64 GNU/Linux
Reading environment variables... OK
 Variables:
MANAGERPID=1092
LC_PAPER=it_IT.UTF-8
CHEZMOI_SOURCE_DIR=/home/dreamingcodes/.local/share/chezmoi
CHEZMOI_ARCH=amd64
MEMORY_PRESSURE_WRITE=c29tZSAyMDAwMDAgMjAwMDAwMAA=
CHEZMOI_VERSION_VERSION=2.42.0
CHEZMOI_GROUP=dreamingcodes
BROWSER=thorium-browser
LC_TIME=it_IT.UTF-8
XDG_ACTIVATION_TOKEN=kwin-4
ANDROID_HOME=/home/dreamingcodes/Android/Sdk
XDG_SESSION_DESKTOP=KDE
CHEZMOI_CACHE_DIR=/home/dreamingcodes/.cache/chezmoi
JAVA_HOME=/usr/lib/jvm/default
CHEZMOI_VERSION_DATE=2023-11-27T03:52:29Z
HOME=/home/dreamingcodes
XDG_SEAT=seat0
MAIL=/var/spool/mail/dreamingcodes
MOTD_SHOWN=pam
XDG_SEAT_PATH=/org/freedesktop/DisplayManager/Seat0
DEBUGINFOD_URLS=https://debuginfod.archlinux.org
XDG_DATA_DIRS=/usr/local/share:/usr/share:/home/dreamingcodes/.nix-profile/share:/nix/var/nix/profiles/default/share
NVCC_PREPEND_FLAGS=-ccbin /opt/cuda/bin
CHEZMOI_GID=1000
STARSHIP_SESSION_KEY=3024726249284041
CHEZMOI_KERNEL_OSTYPE=Linux
CHEZMOI_OS_RELEASE_DOCUMENTATION_URL=https://discovery.endeavouros.com
CHEZMOI_HOME_DIR=/home/dreamingcodes
CHEZMOI_OS_RELEASE_ID_LIKE=arch
GIT_TRACE2_PARENT_SID=7efbcfa3-c8a2-4681-a79d-29e05f378d78
XKB_DEFAULT_LAYOUT=us
PWD=/home/dreamingcodes/.local/share/chezmoi/dot_config/hypr
ALACRITTY_WINDOW_ID=94499453838496
KDE_APPLICATIONS_AS_SCOPE=1
CHEZMOI_VERSION_COMMIT=
CHEZMOI_OS_RELEASE_ID=endeavouros
XCURSOR_THEME=breeze_cursors
DOCKER_HOST=unix:///run/user/1000/podman/podman.sock
CHEZMOI_FQDN_HOSTNAME=DreamingDesk
CHEZMOI_COMMAND=cd
NIX_SSL_CERT_FILE=/etc/ssl/certs/ca-certificates.crt
GTK2_RC_FILES=/etc/gtk-2.0/gtkrc:/home/dreamingcodes/.gtkrc-2.0:/home/dreamingcodes/.config/gtkrc-2.0
PLASMA_USE_QT_SCALING=1
CHEZMOI_OS=linux
XDG_VTNR=1
CHEZMOI_KERNEL_OSRELEASE=6.5.13-x64v2-xanmod1-1
USER=dreamingcodes
WAYLAND_DISPLAY=wayland-0
WINDOWID=94499453838496
VOLTA_HOME=/home/dreamingcodes/.volta
MEMORY_PRESSURE_WATCH=/sys/fs/cgroup/user.slice/user-1000.slice/user@1000.service/session.slice/plasma-plasmashell.service/memory.pressure
KDE_SESSION_VERSION=5
QT_WAYLAND_FORCE_DPI=96
CHEZMOI_OS_RELEASE_PRIVACY_POLICY_URL=https://endeavouros.com/privacy-policy-2
CUDA_HOME=/opt/cuda
NIX_PROFILES=/nix/var/nix/profiles/default /home/dreamingcodes/.nix-profile
KDE_SESSION_UID=1000
CHEZMOI_OS_RELEASE_HOME_URL=https://endeavouros.com
PATH=/home/dreamingcodes/.volta/bin:/home/dreamingcodes/.cargo/bin:/home/dreamingcodes/.volta/bin:/home/dreamingcodes/.volta/bin:/home/dreamingcodes/.nix-profile/bin:/nix/var/nix/profiles/default/bin:/usr/local/sbin:/usr/local/bin:/usr/bin:/opt/cuda/bin:/opt/cuda/nsight_compute:/opt/cuda/nsight_systems/bin:/home/dreamingcodes/.dotnet/tools:/usr/lib/jvm/default/bin:/usr/bin/site_perl:/usr/bin/vendor_perl:/usr/bin/core_perl:/usr/lib/rustup/bin:/home/dreamingcodes/.local/share/JetBrains/Toolbox/scripts:~/.cargo/bin
LC_MEASUREMENT=it_IT.UTF-8
LC_IDENTIFICATION=it_IT.UTF-8
LC_TELEPHONE=it_IT.UTF-8
KDE_FULL_SESSION=true
XDG_RUNTIME_DIR=/run/user/1000
COLORTERM=truecolor
XDG_SESSION_ID=2
CHEZMOI_CONFIG_FILE=/home/dreamingcodes/.config/chezmoi/chezmoi.toml
LOGNAME=dreamingcodes
INVOCATION_ID=4774009f72bb43ffa4a87be3b1ecda27
SHELL=/bin/fish
XAUTHORITY=/run/user/1000/xauth_VJHkLD
CHEZMOI_HOSTNAME=DreamingDesk
XDG_CURRENT_DESKTOP=KDE
CHEZMOI_ARGS=chezmoi cd
DESKTOP_SESSION=plasmawayland
CHEZMOI_OS_RELEASE_NAME=EndeavourOS
CHEZMOI_VERSION_BUILT_BY=
QSG_RENDER_LOOP=basic
CUDA_PATH=/opt/cuda
PAM_KWALLET5_LOGIN=/run/user/1000/kwallet5.socket
CHEZMOI_OS_RELEASE_BUG_REPORT_URL=https://forum.endeavouros.com/c/arch-based-related-questions/bug-reports
CHEZMOI_USERNAME=dreamingcodes
CHEZMOI_OS_RELEASE_PRETTY_NAME=EndeavourOS
DOTNET_BUNDLE_EXTRACT_BASE_DIR=/home/dreamingcodes/.cache/dotnet_bundle_extract
LC_NUMERIC=it_IT.UTF-8
JOURNAL_STREAM=8:7458
QT_AUTO_SCREEN_SCALE_FACTOR=0
XCURSOR_SIZE=24
DOTNET_ROOT=/usr/share/dotnet
NDK_HOME=/home/dreamingcodes/Android/Sdk/ndk/26.1.10909125
SYSTEMD_EXEC_PID=1343
DISPLAY=:1
LANG=en_US.UTF-8
TERM=alacritty
SHLVL=2
CHEZMOI_OS_RELEASE_SUPPORT_URL=https://forum.endeavouros.com
CHEZMOI_OS_RELEASE_BUILD_ID=rolling
DBUS_SESSION_BUS_ADDRESS=unix:path=/run/user/1000/bus
CHEZMOI_OS_RELEASE_LOGO=endeavouros
ALACRITTY_SOCKET=/run/user/1000/Alacritty-wayland-0-3628.sock
CHEZMOI_EXECUTABLE=/usr/bin/chezmoi
XKB_DEFAULT_VARIANT=alt-intl
CHEZMOI_KERNEL_VERSION=#1 SMP PREEMPT_DYNAMIC Wed, 29 Nov 2023 06:43:36 +0000
CHEZMOI_SUBSHELL=1
XDG_SESSION_TYPE=wayland
ALACRITTY_LOG=/tmp/Alacritty-3628.log
CHEZMOI_OS_RELEASE_ANSI_COLOR=38;2;23;147;209
CHEZMOI=1
GTK_RC_FILES=/etc/gtk/gtkrc:/home/dreamingcodes/.gtkrc:/home/dreamingcodes/.config/gtkrc
LC_ADDRESS=it_IT.UTF-8
CHEZMOI_UID=1000
SESSION_MANAGER=local/DreamingDesk:@/tmp/.ICE-unix/1311,unix/DreamingDesk:/tmp/.ICE-unix/1311
LC_MONETARY=it_IT.UTF-8
XDG_CONFIG_DIRS=/home/dreamingcodes/.config/kdedefaults:/etc/xdg
CHEZMOI_WORKING_TREE=/home/dreamingcodes/.local/share/chezmoi
STARSHIP_SHELL=fish
XDG_SESSION_PATH=/org/freedesktop/DisplayManager/Session1
LC_NAME=it_IT.UTF-8
XDG_SESSION_CLASS=user
EDITOR=nano


------------
Diagnostic: File system
Skipped: False
Success: True
Exception: None
Log:
Temporary directory is '/tmp/'...
Checking basic file I/O...
Writing to temporary file '/tmp/65424ff7a0106edc3b1f4715'... OK
Reading from temporary file '/tmp/65424ff7a0106edc3b1f4715'... OK
Deleting temporary file '/tmp/65424ff7a0106edc3b1f4715'... OK
Testing IFileSystem instance...
UserHomePath: /home/dreamingcodes
UserDataDirectoryPath: /home/dreamingcodes/.gcm
GetCurrentDirectory(): /home/dreamingcodes/.local/share/chezmoi/dot_config/hypr

------------
Diagnostic: Networking
Skipped: False
Success: True
Exception: None
Log:
Checking networking and HTTP stack...
Creating HTTP client... OK
IsNetworkAvailable: True
Sending HEAD request to http://example.com... OK
Sending HEAD request to https://example.com... OK
Acquiring free TCP port... OK
Testing local HTTP loopback connections...
Creating new HTTP listener for http://localhost:45911/... OK
Waiting for loopback connection... OK
Writing response... OK
Waiting for response data... OK
Loopback connection data OK

------------
Diagnostic: Git
Skipped: False
Success: True
Exception: None
Log:
Getting Git version... OK
Git version is '2.43.0'
Locating current repository... OK
Git repository at '/home/dreamingcodes/.local/share/chezmoi/.git'
Listing all Git configuration... OK
Git configuration:
file:/home/dreamingcodes/.gitconfig	credential.https://github.com.helper=
file:/home/dreamingcodes/.gitconfig	credential.https://github.com.helper=!/usr/bin/gh auth git-credential
file:/home/dreamingcodes/.gitconfig	credential.https://gist.github.com.helper=
file:/home/dreamingcodes/.gitconfig	credential.https://gist.github.com.helper=!/usr/bin/gh auth git-credential
file:/home/dreamingcodes/.gitconfig	user.signingkey=294D2672488EAE23
file:/home/dreamingcodes/.gitconfig	user.email=me@dreaming.codes
file:/home/dreamingcodes/.gitconfig	user.name=DreamingCodes
file:/home/dreamingcodes/.gitconfig	commit.gpgsign=true
file:/home/dreamingcodes/.gitconfig	credential.helper=
file:/home/dreamingcodes/.gitconfig	credential.helper=/usr/bin/git-credential-manager
file:/home/dreamingcodes/.gitconfig	credential.https://dev.azure.com.usehttppath=true
file:.git/config	core.repositoryformatversion=0
file:.git/config	core.filemode=true
file:.git/config	core.bare=false
file:.git/config	core.logallrefupdates=true
file:.git/config	submodule.active=.
file:.git/config	remote.origin.url=https://github.com/Dreaming-Codes/dotfiles.git
file:.git/config	remote.origin.fetch=+refs/heads/*:refs/remotes/origin/*
file:.git/config	branch.master.remote=origin
file:.git/config	branch.master.merge=refs/heads/master


------------
Diagnostic: Credential storage
Skipped: False
Success: False
Exception:
System.Exception: No credential store has been selected.

Set the GCM_CREDENTIAL_STORE environment variable or the credential.credentialStore Git configuration setting to one of the following options:

  secretservice : freedesktop.org Secret Service (requires graphical interface)
  gpg           : GNU `pass` compatible credential storage (requires GPG and `pass`)
  cache         : Git's in-memory credential cache
  plaintext     : store credentials in plain-text files (UNSECURE)

See https://aka.ms/gcm/credstores for more information.

   at GitCredentialManager.CredentialStore.EnsureBackingStore()
   at GitCredentialManager.CredentialStore.Remove(String service, String account)
   at GitCredentialManager.Diagnostics.CredentialStoreDiagnostic.RunInternalAsync(StringBuilder log, IList`1 additionalFiles)
   at GitCredentialManager.Diagnostics.Diagnostic.RunAsync()
Log:
ICredentialStore instance is of type: CredentialStore
Writing test credential...Deleting test credential...
------------
Diagnostic: Microsoft authentication (AAD/MSA)
Skipped: False
Success: True
Exception: None
Log:
Broker is not enabled.
Flow type is: Auto
Gathering MSAL token cache data... OK
CacheDirectory: /home/dreamingcodes/.local/.IdentityService
CacheFileName: msal.cache
CacheFilePath: /home/dreamingcodes/.local/.IdentityService/msal.cache
KeyringCollection: 
KeyringSchemaName: 
KeyringSecretLabel: 
KeyringAttribute1: (,)
KeyringAttribute2: (,)
Creating cache helper... OK
Verifying MSAL token cache persistence... OK

------------
Diagnostic: GitHub API
Skipped: False
Success: True
Exception: None
Log:
Using 'https://github.com/' as API target.
Querying '/meta' endpoint... OK

